C51 COMPILER V9.54   MAIN                                                                  05/05/2021 18:36:47 PAGE 1   


C51 COMPILER V9.54, COMPILATION OF MODULE MAIN
OBJECT MODULE PLACED IN .\Objects\main.obj
COMPILER INVOKED BY: C:\Keil_v5\C51\BIN\C51.EXE main.c OPTIMIZE(8,SPEED) BROWSE INCDIR(.\Include) DEBUG OBJECTEXTEND PRI
                    -NT(.\Listings\main.lst) OBJECT(.\Objects\main.obj)

line level    source

   1          #include "N76E003.h"
   2          #include "Common.h"
   3          #include "Delay.h"
   4          #include "SFR_Macro.h"
   5          #include "Function_define.h"
   6          
   7          #define DISP_0  0xC0
   8          #define DISP_1  0xF9
   9          #define DISP_2  0xA4
  10          #define DISP_3  0xB0
  11          #define DISP_4  0x99
  12          #define DISP_5  0x92
  13          #define DISP_6  0x82
  14          #define DISP_7  0xF8
  15          #define DISP_8  0x80
  16          #define DISP_9  0x90
  17          
  18          sbit a=P0^0;
  19          sbit b=P0^1;
  20          sbit c=P0^3;
  21          sbit d=P0^4;
  22          sbit e=P0^5;
  23          sbit f=P0^6;
  24          sbit g=P0^7;
  25          sbit disp1=P1^3;
  26          sbit disp2=P1^2;
  27          sbit disp3=P1^1;
  28          sbit disp4=P1^0;
  29          
  30          void display(uint8_t dispNum, uint8_t num);
  31          
  32          void d1();
  33          /*void d2();
  34          void d3();
  35          void d4();*/
  36          
  37          void Delay(unsigned int itime)
  38          {
  39   1      unsigned int i,j;
  40   1      for (i=0;i<itime;i++) // this is For(); loop delay used to define delay value in Embedded C
  41   1      {
  42   2      for (j=0;j<1275;j++);
  43   2      }
  44   1      }
  45          
  46          void main()
  47          {
  48   1              Set_All_GPIO_Quasi_Mode;
  49   1      
  50   1              display(1, 1);
  51   1              display(2, 2);
  52   1              display(3, 3);
  53   1              display(4, 4);
  54   1              
C51 COMPILER V9.54   MAIN                                                                  05/05/2021 18:36:47 PAGE 2   

  55   1              //d1();
  56   1              /*d2();
  57   1              Delay(50);
  58   1              d3();
  59   1              Delay(50);
  60   1              d4();
  61   1              Delay(50);*/
  62   1      }
  63          
  64          void display(uint8_t dispNum, uint8_t num)
  65          {
  66   1              if(dispNum == 1)
  67   1              {
  68   2                      disp1 = 0;
  69   2                      disp2 = 1;
  70   2                      disp3 = 1;
  71   2                      disp4 = 1;
  72   2              }
  73   1              else if(dispNum == 2)
  74   1              {
  75   2                      disp1 = 1;
  76   2                      disp2 = 0;
  77   2                      disp3 = 1;
  78   2                      disp4 = 1;
  79   2              }
  80   1              else if (dispNum == 3)
  81   1              {
  82   2                      disp1 = 1;
  83   2                      disp2 = 1;
  84   2                      disp3 = 0;
  85   2                      disp4 = 1;
  86   2              }
  87   1              else if (dispNum == 4)
  88   1              {
  89   2                      disp1 = 1;
  90   2                      disp2 = 1;
  91   2                      disp3 = 1;
  92   2                      disp4 = 0;
  93   2              }
  94   1              else
  95   1              {
  96   2                      return;
  97   2              }
  98   1              switch(num)
  99   1              {
 100   2                      case 0:
 101   2                      {
 102   3                              a = (DISP_0 & (1 << 0)) ? 1 : 0;
 103   3                              b = (DISP_0 & (1 << 1)) ? 1 : 0;
 104   3                              c = (DISP_0 & (1 << 2)) ? 1 : 0;
 105   3                              d = (DISP_0 & (1 << 3)) ? 1 : 0;
 106   3                              e = (DISP_0 & (1 << 4)) ? 1 : 0;
 107   3                              f = (DISP_0 & (1 << 5)) ? 1 : 0;
 108   3                              g = (DISP_0 & (1 << 6)) ? 1 : 0;
 109   3                      }
 110   2                      break;
 111   2                      
 112   2                      case 1:
 113   2                      {
 114   3                              a = (DISP_1 & (1 << 0)) ? 1 : 0;
 115   3                              b = (DISP_1 & (1 << 1)) ? 1 : 0;
 116   3                              c = (DISP_1 & (1 << 2)) ? 1 : 0;
C51 COMPILER V9.54   MAIN                                                                  05/05/2021 18:36:47 PAGE 3   

 117   3                              d = (DISP_1 & (1 << 3)) ? 1 : 0;
 118   3                              e = (DISP_1 & (1 << 4)) ? 1 : 0;
 119   3                              f = (DISP_1 & (1 << 5)) ? 1 : 0;
 120   3                              g = (DISP_1 & (1 << 6)) ? 1 : 0;
 121   3                      }
 122   2                      break;
 123   2                      
 124   2                      case 2:
 125   2                      {
 126   3                              a = (DISP_2 & (1 << 0)) ? 1 : 0;
 127   3                              b = (DISP_2 & (1 << 1)) ? 1 : 0;
 128   3                              c = (DISP_2 & (1 << 2)) ? 1 : 0;
 129   3                              d = (DISP_2 & (1 << 3)) ? 1 : 0;
 130   3                              e = (DISP_2 & (1 << 4)) ? 1 : 0;
 131   3                              f = (DISP_2 & (1 << 5)) ? 1 : 0;
 132   3                              g = (DISP_2 & (1 << 6)) ? 1 : 0;
 133   3                      }
 134   2                      break;
 135   2                      
 136   2                      case 3:
 137   2                      {
 138   3                              a = (DISP_3 & (1 << 0)) ? 1 : 0;
 139   3                              b = (DISP_3 & (1 << 1)) ? 1 : 0;
 140   3                              c = (DISP_3 & (1 << 2)) ? 1 : 0;
 141   3                              d = (DISP_3 & (1 << 3)) ? 1 : 0;
 142   3                              e = (DISP_3 & (1 << 4)) ? 1 : 0;
 143   3                              f = (DISP_3 & (1 << 5)) ? 1 : 0;
 144   3                              g = (DISP_3 & (1 << 6)) ? 1 : 0;
 145   3                      }
 146   2                      break;
 147   2                      
 148   2                      case 4:
 149   2                      {
 150   3                              a = (DISP_4 & (1 << 0)) ? 1 : 0;
 151   3                              b = (DISP_4 & (1 << 1)) ? 1 : 0;
 152   3                              c = (DISP_4 & (1 << 2)) ? 1 : 0;
 153   3                              d = (DISP_4 & (1 << 3)) ? 1 : 0;
 154   3                              e = (DISP_4 & (1 << 4)) ? 1 : 0;
 155   3                              f = (DISP_4 & (1 << 5)) ? 1 : 0;
 156   3                              g = (DISP_4 & (1 << 6)) ? 1 : 0;
 157   3                      }
 158   2                      break;
 159   2                      
 160   2                      case 5:
 161   2                      {
 162   3                              a = (DISP_5 & (1 << 0)) ? 1 : 0;
 163   3                              b = (DISP_5 & (1 << 1)) ? 1 : 0;
 164   3                              c = (DISP_5 & (1 << 2)) ? 1 : 0;
 165   3                              d = (DISP_5 & (1 << 3)) ? 1 : 0;
 166   3                              e = (DISP_5 & (1 << 4)) ? 1 : 0;
 167   3                              f = (DISP_5 & (1 << 5)) ? 1 : 0;
 168   3                              g = (DISP_5 & (1 << 6)) ? 1 : 0;
 169   3                      }
 170   2                      break;
 171   2                      
 172   2                      case 6:
 173   2                      {
 174   3                              a = (DISP_6 & (1 << 0)) ? 1 : 0;
 175   3                              b = (DISP_6 & (1 << 1)) ? 1 : 0;
 176   3                              c = (DISP_6 & (1 << 2)) ? 1 : 0;
 177   3                              d = (DISP_6 & (1 << 3)) ? 1 : 0;
 178   3                              e = (DISP_6 & (1 << 4)) ? 1 : 0;
C51 COMPILER V9.54   MAIN                                                                  05/05/2021 18:36:47 PAGE 4   

 179   3                              f = (DISP_6 & (1 << 5)) ? 1 : 0;
 180   3                              g = (DISP_6 & (1 << 6)) ? 1 : 0;
 181   3                      }
 182   2                      break;
 183   2                      
 184   2                      case 7:
 185   2                      {
 186   3                              a = (DISP_7 & (1 << 0)) ? 1 : 0;
 187   3                              b = (DISP_7 & (1 << 1)) ? 1 : 0;
 188   3                              c = (DISP_7 & (1 << 2)) ? 1 : 0;
 189   3                              d = (DISP_7 & (1 << 3)) ? 1 : 0;
 190   3                              e = (DISP_7 & (1 << 4)) ? 1 : 0;
 191   3                              f = (DISP_7 & (1 << 5)) ? 1 : 0;
 192   3                              g = (DISP_7 & (1 << 6)) ? 1 : 0;
 193   3                      }
 194   2                      break;
 195   2                      
 196   2                      case 8:
 197   2                      {
 198   3                              a = (DISP_8 & (1 << 0)) ? 1 : 0;
 199   3                              b = (DISP_8 & (1 << 1)) ? 1 : 0;
 200   3                              c = (DISP_8 & (1 << 2)) ? 1 : 0;
 201   3                              d = (DISP_8 & (1 << 3)) ? 1 : 0;
 202   3                              e = (DISP_8 & (1 << 4)) ? 1 : 0;
 203   3                              f = (DISP_8 & (1 << 5)) ? 1 : 0;
 204   3                              g = (DISP_8 & (1 << 6)) ? 1 : 0;
 205   3                      }
 206   2                      break;
 207   2                      
 208   2                      case 9:
 209   2                      {
 210   3                              a = (DISP_9 & (1 << 0)) ? 1 : 0;
 211   3                              b = (DISP_9 & (1 << 1)) ? 1 : 0;
 212   3                              c = (DISP_9 & (1 << 2)) ? 1 : 0;
 213   3                              d = (DISP_9 & (1 << 3)) ? 1 : 0;
 214   3                              e = (DISP_9 & (1 << 4)) ? 1 : 0;
 215   3                              f = (DISP_9 & (1 << 5)) ? 1 : 0;
 216   3                              g = (DISP_9 & (1 << 6)) ? 1 : 0;
 217   3                      }
 218   2                      break;
 219   2                      
 220   2                      default:
 221   2                      {
 222   3                      }
 223   2                      break;
 224   2              }
 225   1              
 226   1                      disp1 = 0;
 227   1                      disp2 = 0;
 228   1                      disp3 = 0;
 229   1                      disp4 = 0;
 230   1      }
 231          
 232          
 233          
 234          /*void d1()
 235          {
 236                  disp1=0;
 237                  
 238                  a=1;
 239                  b=0;
 240                  c=0;
C51 COMPILER V9.54   MAIN                                                                  05/05/2021 18:36:47 PAGE 5   

 241                  d=1;
 242                  e=1;
 243                  f=1;
 244                  g=1;
 245          }
 246          */


MODULE INFORMATION:   STATIC OVERLAYABLE
   CODE SIZE        =    295    ----
   CONSTANT SIZE    =   ----    ----
   XDATA SIZE       =   ----    ----
   PDATA SIZE       =   ----    ----
   DATA SIZE        =   ----    ----
   IDATA SIZE       =   ----    ----
   BIT SIZE         =   ----    ----
END OF MODULE INFORMATION.


C51 COMPILATION COMPLETE.  0 WARNING(S),  0 ERROR(S)
